Information: Propagating switching activity (low effort zero delay simulation). (PWR-6)
Warning: Design has unannotated primary inputs. (PWR-414)
Warning: Design has unannotated sequential cell outputs. (PWR-415)
 
****************************************
Report : power
        -analysis_effort low
Design : Segway
Version: X-2025.06
Date   : Fri Dec  5 23:29:14 2025
****************************************


Library(s) Used:

    saed32rvt_tt0p85v25c (File: /cae/apps/data/saed32_edk-2022/lib/stdcell_rvt/db_nldm/saed32rvt_tt0p85v25c.db)


Operating Conditions: tt0p85v25c   Library: saed32rvt_tt0p85v25c
Wire Load Model Mode: enclosed

Design        Wire Load Model            Library
------------------------------------------------
Segway                 16000             saed32rvt_tt0p85v25c


Global Operating Voltage = 0.85 
Power-specific unit information :
    Voltage Units = 1V
    Capacitance Units = 1.000000ff
    Time Units = 1ns
    Dynamic Power Units = 1uW    (derived from V,C,T units)
    Leakage Power Units = 1pW


Attributes
----------
i - Including register clock pin internal power


  Cell Internal Power  = 685.2416 uW   (98%)
  Net Switching Power  =  11.9866 uW    (2%)
                         ---------
Total Dynamic Power    = 697.2282 uW  (100%)

Cell Leakage Power     = 219.9745 uW


                 Internal         Switching           Leakage            Total
Power Group      Power            Power               Power              Power   (   %    )  Attrs
--------------------------------------------------------------------------------------------------
io_pad             0.0000            0.0000            0.0000            0.0000  (   0.00%)
memory             0.0000            0.0000            0.0000            0.0000  (   0.00%)
black_box          0.0000            0.0000            0.0000            0.0000  (   0.00%)
clock_network    659.4133            0.0000            0.0000          659.4133  (  71.89%)  i
register          12.8448            3.6624        1.0742e+08          123.9271  (  13.51%)
sequential         0.0000            0.0000            0.0000            0.0000  (   0.00%)
combinational     12.9835            8.3242        1.1255e+08          133.8622  (  14.59%)
--------------------------------------------------------------------------------------------------
Total            685.2415 uW        11.9866 uW     2.1997e+08 pW       917.2026 uW
1
