 
****************************************
Report : area
Design : Segway
Version: X-2025.06
Date   : Tue Dec  2 16:54:39 2025
****************************************

Library(s) Used:

    saed32rvt_tt0p85v25c (File: /cae/apps/data/saed32_edk-2022/lib/stdcell_rvt/db_nldm/saed32rvt_tt0p85v25c.db)

Number of ports:                           20
Number of nets:                          3146
Number of cells:                         2627
Number of combinational cells:           2173
Number of sequential cells:               453
Number of macros/black boxes:               0
Number of buf/inv:                        247
Number of references:                      53

Combinational area:               5843.024687
Buf/Inv area:                      327.591617
Noncombinational area:            3129.529289
Macro/Black Box area:                0.000000
Net Interconnect area:            1890.680081

Total cell area:                  8972.553976
Total area:                      10863.234057
1
