 
****************************************
Report : timing
        -path full
        -delay max
        -max_paths 1
Design : Segway
Version: X-2025.06
Date   : Tue Dec  2 16:54:39 2025
****************************************

Operating Conditions: tt0p85v25c   Library: saed32rvt_tt0p85v25c
Wire Load Model Mode: enclosed

  Startpoint: iA2D/steer_pot_reg[11]
              (rising edge-triggered flip-flop clocked by clk)
  Endpoint: iBUZZ/freq_counter_reg[13]
            (rising edge-triggered flip-flop clocked by clk)
  Path Group: clk
  Path Type: max

  Des/Clust/Port     Wire Load Model       Library
  ------------------------------------------------
  Segway             16000                 saed32rvt_tt0p85v25c

  Point                                                   Incr       Path
  --------------------------------------------------------------------------
  clock clk (rise edge)                                   0.00       0.00
  clock network delay (propagated)                        0.10       0.10
  iA2D/steer_pot_reg[11]/CLK (DFFX1_RVT)                  0.00       0.10 r
  iA2D/steer_pot_reg[11]/Q (DFFX1_RVT)                    0.14       0.24 f
  U1439/Y (OR3X1_RVT)                                     0.09       0.33 f
  U1437/Y (AND2X1_RVT)                                    0.08       0.42 f
  U1435/Y (NAND2X0_RVT)                                   0.08       0.50 r
  U2087/Y (INVX1_RVT)                                     0.05       0.54 f
  U1433/Y (AND2X1_RVT)                                    0.08       0.62 f
  U2212/Y (XNOR2X1_RVT)                                   0.14       0.76 r
  iBAL/segway_math_inst/mult_55/S1_2_0/CO (FADDX1_RVT)
                                                          0.15       0.91 r
  iBAL/segway_math_inst/mult_55/S1_3_0/CO (FADDX1_RVT)
                                                          0.13       1.04 r
  iBAL/segway_math_inst/mult_55/S1_4_0/CO (FADDX1_RVT)
                                                          0.13       1.18 r
  iBAL/segway_math_inst/mult_55/S1_5_0/CO (FADDX1_RVT)
                                                          0.13       1.31 r
  iBAL/segway_math_inst/mult_55/S1_6_0/CO (FADDX1_RVT)
                                                          0.13       1.45 r
  iBAL/segway_math_inst/mult_55/S1_7_0/CO (FADDX1_RVT)
                                                          0.13       1.58 r
  iBAL/segway_math_inst/mult_55/S1_8_0/CO (FADDX1_RVT)
                                                          0.13       1.72 r
  iBAL/segway_math_inst/mult_55/S1_9_0/CO (FADDX1_RVT)
                                                          0.13       1.85 r
  iBAL/segway_math_inst/mult_55/S1_10_0/CO (FADDX1_RVT)
                                                          0.13       1.98 r
  U2086/Y (XOR2X1_RVT)                                    0.15       2.13 f
  U2084/Y (XOR2X1_RVT)                                    0.11       2.24 f
  U2211/Y (INVX1_RVT)                                     0.06       2.30 r
  iBAL/segway_math_inst/add_60/U1_7/CO (FADDX1_RVT)       0.13       2.43 r
  iBAL/segway_math_inst/add_60/U1_8/CO (FADDX1_RVT)       0.12       2.55 r
  iBAL/segway_math_inst/add_60/U1_9/CO (FADDX1_RVT)       0.12       2.66 r
  iBAL/segway_math_inst/add_60/U1_10/CO (FADDX1_RVT)      0.12       2.78 r
  iBAL/segway_math_inst/add_60/U1_11/S (FADDX1_RVT)       0.16       2.93 f
  U1405/Y (AO21X1_RVT)                                    0.10       3.03 f
  U2008/Y (INVX1_RVT)                                     0.06       3.09 r
  U1385/Y (AND4X1_RVT)                                    0.09       3.18 r
  U1384/Y (NAND4X0_RVT)                                   0.08       3.26 f
  U1383/Y (AO22X1_RVT)                                    0.08       3.34 f
  U1382/Y (AND2X1_RVT)                                    0.07       3.40 f
  U1380/Y (NAND2X0_RVT)                                   0.09       3.50 r
  U1961/Y (INVX1_RVT)                                     0.09       3.59 f
  U1368/Y (AO22X1_RVT)                                    0.12       3.71 f
  U1367/Y (AO21X1_RVT)                                    0.06       3.77 f
  U1363/Y (AOI222X1_RVT)                                  0.14       3.90 r
  U1348/Y (OR2X1_RVT)                                     0.08       3.98 r
  U1346/Y (AO21X1_RVT)                                    0.09       4.07 r
  U131/Y (NOR4X1_RVT)                                     0.11       4.17 f
  U1334/Y (NAND4X0_RVT)                                   0.05       4.23 r
  U1322/Y (NAND4X0_RVT)                                   0.07       4.29 f
  U1238/Y (NAND2X0_RVT)                                   0.07       4.37 r
  U1963/Y (INVX1_RVT)                                     0.06       4.43 f
  U1176/Y (AO21X1_RVT)                                    0.10       4.52 f
  U1175/Y (AO22X1_RVT)                                    0.07       4.60 f
  U2419/Y (OA222X1_RVT)                                   0.11       4.71 f
  U1952/Y (NAND2X1_RVT)                                   0.14       4.84 r
  U2005/Y (INVX0_RVT)                                     0.06       4.90 f
  U1940/Y (NAND3X1_RVT)                                   0.13       5.03 r
  U1124/Y (NAND3X0_RVT)                                   0.08       5.11 f
  U1962/Y (INVX1_RVT)                                     0.07       5.18 r
  U1123/Y (AO21X1_RVT)                                    0.06       5.24 r
  U1097/Y (AO21X1_RVT)                                    0.06       5.30 r
  U1096/Y (AO21X1_RVT)                                    0.06       5.36 r
  U1094/Y (AO222X1_RVT)                                   0.12       5.48 r
  iBUZZ/freq_counter_reg[13]/D (DFFX1_RVT)                0.01       5.49 r
  data arrival time                                                  5.49

  clock clk (rise edge)                                   6.00       6.00
  clock network delay (propagated)                        0.10       6.10
  clock uncertainty                                      -0.15       5.95
  iBUZZ/freq_counter_reg[13]/CLK (DFFX1_RVT)              0.00       5.95 r
  library setup time                                     -0.05       5.90
  data required time                                                 5.90
  --------------------------------------------------------------------------
  data required time                                                 5.90
  data arrival time                                                 -5.49
  --------------------------------------------------------------------------
  slack (MET)                                                        0.41


1
