Analysis & Synthesis report for Segway
Fri Dec  5 22:36:30 2025
Quartus Prime Version 25.1std.0 Build 1129 10/21/2025 SC Lite Edition


---------------------
; Table of Contents ;
---------------------
  1. Legal Notice
  2. Analysis & Synthesis Summary
  3. Analysis & Synthesis Settings
  4. Parallel Compilation
  5. Analysis & Synthesis Source Files Read
  6. Analysis & Synthesis Resource Usage Summary
  7. Analysis & Synthesis Resource Utilization by Entity
  8. Analysis & Synthesis DSP Block Usage Summary
  9. State Machine - |Segway|piezo_drv:iBUZZ|state
 10. State Machine - |Segway|A2D_intf:iA2D|state
 11. State Machine - |Segway|A2D_intf:iA2D|SPI_mnrch:SPI_inst|state
 12. State Machine - |Segway|steer_en:iSTR|steer_en_SM:SM_inst|state
 13. State Machine - |Segway|inert_intf:iNEMO|state
 14. State Machine - |Segway|inert_intf:iNEMO|SPI_mnrch:iSPI|state
 15. State Machine - |Segway|Auth_blk:iAuth|state
 16. Registers Removed During Synthesis
 17. General Register Statistics
 18. Inverted Register Statistics
 19. Multiplexer Restructuring Statistics (Restructuring Performed)
 20. Parameter Settings for User Entity Instance: Auth_blk:iAuth
 21. Parameter Settings for User Entity Instance: inert_intf:iNEMO
 22. Parameter Settings for User Entity Instance: balance_cntrl:iBAL
 23. Parameter Settings for User Entity Instance: balance_cntrl:iBAL|PID:pid_inst
 24. Parameter Settings for User Entity Instance: steer_en:iSTR
 25. Parameter Settings for User Entity Instance: piezo_drv:iBUZZ
 26. Parameter Settings for Inferred Entity Instance: balance_cntrl:iBAL|Segway_Math:segway_math_inst|lpm_mult:Mult0
 27. Parameter Settings for Inferred Entity Instance: inert_intf:iNEMO|inertial_integrator:iINT|lpm_mult:Mult0
 28. lpm_mult Parameter Settings by Entity Instance
 29. Port Connectivity Checks: "A2D_intf:iA2D|SPI_mnrch:SPI_inst"
 30. Port Connectivity Checks: "mtr_drv:iDRV|PWM11:iPWM_rght"
 31. Port Connectivity Checks: "mtr_drv:iDRV"
 32. Port Connectivity Checks: "inert_intf:iNEMO|SPI_mnrch:iSPI"
 33. Post-Synthesis Netlist Statistics for Top Partition
 34. Elapsed Time Per Partition
 35. Analysis & Synthesis Messages
 36. Analysis & Synthesis Suppressed Messages



----------------
; Legal Notice ;
----------------
Copyright (C) 2025  Altera Corporation. All rights reserved.
Your use of Altera Corporation's design tools, logic functions 
and other software and tools, and any partner logic 
functions, and any output files from any of the foregoing 
(including device programming or simulation files), and any 
associated documentation or information are expressly subject 
to the terms and conditions of the Altera Program License 
Subscription Agreement, the Altera Quartus Prime License Agreement,
the Altera IP License Agreement, or other applicable license
agreement, including, without limitation, that your use is for
the sole purpose of programming logic devices manufactured by
Altera and sold by Altera or its authorized distributors.  Please
refer to the Altera Software License Subscription Agreements 
on the Quartus Prime software download page.



+--------------------------------------------------------------------------------------+
; Analysis & Synthesis Summary                                                         ;
+------------------------------------+-------------------------------------------------+
; Analysis & Synthesis Status        ; Successful - Fri Dec  5 22:36:30 2025           ;
; Quartus Prime Version              ; 25.1std.0 Build 1129 10/21/2025 SC Lite Edition ;
; Revision Name                      ; Segway                                          ;
; Top-level Entity Name              ; Segway                                          ;
; Family                             ; Cyclone IV E                                    ;
; Total logic elements               ; 1,207                                           ;
;     Total combinational functions  ; 1,093                                           ;
;     Dedicated logic registers      ; 469                                             ;
; Total registers                    ; 469                                             ;
; Total pins                         ; 20                                              ;
; Total virtual pins                 ; 0                                               ;
; Total memory bits                  ; 0                                               ;
; Embedded Multiplier 9-bit elements ; 2                                               ;
; Total PLLs                         ; 0                                               ;
+------------------------------------+-------------------------------------------------+


+------------------------------------------------------------------------------------------------------------+
; Analysis & Synthesis Settings                                                                              ;
+------------------------------------------------------------------+--------------------+--------------------+
; Option                                                           ; Setting            ; Default Value      ;
+------------------------------------------------------------------+--------------------+--------------------+
; Device                                                           ; EP4CE22F17C6       ;                    ;
; Top-level entity name                                            ; Segway             ; Segway             ;
; Family name                                                      ; Cyclone IV E       ; Cyclone V          ;
; Use smart compilation                                            ; Off                ; Off                ;
; Enable parallel Assembler and Timing Analyzer during compilation ; On                 ; On                 ;
; Enable compact report table                                      ; Off                ; Off                ;
; Restructure Multiplexers                                         ; Auto               ; Auto               ;
; Create Debugging Nodes for IP Cores                              ; Off                ; Off                ;
; Preserve fewer node names                                        ; On                 ; On                 ;
; Intel FPGA IP Evaluation Mode                                    ; Enable             ; Enable             ;
; Verilog Version                                                  ; Verilog_2001       ; Verilog_2001       ;
; VHDL Version                                                     ; VHDL_1993          ; VHDL_1993          ;
; State Machine Processing                                         ; Auto               ; Auto               ;
; Safe State Machine                                               ; Off                ; Off                ;
; Extract Verilog State Machines                                   ; On                 ; On                 ;
; Extract VHDL State Machines                                      ; On                 ; On                 ;
; Ignore Verilog initial constructs                                ; Off                ; Off                ;
; Iteration limit for constant Verilog loops                       ; 5000               ; 5000               ;
; Iteration limit for non-constant Verilog loops                   ; 250                ; 250                ;
; Add Pass-Through Logic to Inferred RAMs                          ; On                 ; On                 ;
; Infer RAMs from Raw Logic                                        ; On                 ; On                 ;
; Parallel Synthesis                                               ; On                 ; On                 ;
; DSP Block Balancing                                              ; Auto               ; Auto               ;
; NOT Gate Push-Back                                               ; On                 ; On                 ;
; Power-Up Don't Care                                              ; On                 ; On                 ;
; Remove Redundant Logic Cells                                     ; Off                ; Off                ;
; Remove Duplicate Registers                                       ; On                 ; On                 ;
; Ignore CARRY Buffers                                             ; Off                ; Off                ;
; Ignore CASCADE Buffers                                           ; Off                ; Off                ;
; Ignore GLOBAL Buffers                                            ; Off                ; Off                ;
; Ignore ROW GLOBAL Buffers                                        ; Off                ; Off                ;
; Ignore LCELL Buffers                                             ; Off                ; Off                ;
; Ignore SOFT Buffers                                              ; On                 ; On                 ;
; Limit AHDL Integers to 32 Bits                                   ; Off                ; Off                ;
; Optimization Technique                                           ; Balanced           ; Balanced           ;
; Carry Chain Length                                               ; 70                 ; 70                 ;
; Auto Carry Chains                                                ; On                 ; On                 ;
; Auto Open-Drain Pins                                             ; On                 ; On                 ;
; Perform WYSIWYG Primitive Resynthesis                            ; Off                ; Off                ;
; Auto ROM Replacement                                             ; On                 ; On                 ;
; Auto RAM Replacement                                             ; On                 ; On                 ;
; Auto DSP Block Replacement                                       ; On                 ; On                 ;
; Auto Shift Register Replacement                                  ; Auto               ; Auto               ;
; Allow Shift Register Merging across Hierarchies                  ; Auto               ; Auto               ;
; Auto Clock Enable Replacement                                    ; On                 ; On                 ;
; Strict RAM Replacement                                           ; Off                ; Off                ;
; Allow Synchronous Control Signals                                ; On                 ; On                 ;
; Force Use of Synchronous Clear Signals                           ; Off                ; Off                ;
; Auto RAM Block Balancing                                         ; On                 ; On                 ;
; Auto RAM to Logic Cell Conversion                                ; Off                ; Off                ;
; Auto Resource Sharing                                            ; Off                ; Off                ;
; Allow Any RAM Size For Recognition                               ; Off                ; Off                ;
; Allow Any ROM Size For Recognition                               ; Off                ; Off                ;
; Allow Any Shift Register Size For Recognition                    ; Off                ; Off                ;
; Use LogicLock Constraints during Resource Balancing              ; On                 ; On                 ;
; Ignore translate_off and synthesis_off directives                ; Off                ; Off                ;
; Timing-Driven Synthesis                                          ; On                 ; On                 ;
; Report Parameter Settings                                        ; On                 ; On                 ;
; Report Source Assignments                                        ; On                 ; On                 ;
; Report Connectivity Checks                                       ; On                 ; On                 ;
; Ignore Maximum Fan-Out Assignments                               ; Off                ; Off                ;
; Synchronization Register Chain Length                            ; 2                  ; 2                  ;
; Power Optimization During Synthesis                              ; Normal compilation ; Normal compilation ;
; HDL message level                                                ; Level2             ; Level2             ;
; Suppress Register Optimization Related Messages                  ; Off                ; Off                ;
; Number of Removed Registers Reported in Synthesis Report         ; 5000               ; 5000               ;
; Number of Swept Nodes Reported in Synthesis Report               ; 5000               ; 5000               ;
; Number of Inverted Registers Reported in Synthesis Report        ; 100                ; 100                ;
; Clock MUX Protection                                             ; On                 ; On                 ;
; Auto Gated Clock Conversion                                      ; Off                ; Off                ;
; Block Design Naming                                              ; Auto               ; Auto               ;
; SDC constraint protection                                        ; Off                ; Off                ;
; Synthesis Effort                                                 ; Auto               ; Auto               ;
; Shift Register Replacement - Allow Asynchronous Clear Signal     ; On                 ; On                 ;
; Pre-Mapping Resynthesis Optimization                             ; Off                ; Off                ;
; Analysis & Synthesis Message Level                               ; Medium             ; Medium             ;
; Disable Register Merging Across Hierarchies                      ; Auto               ; Auto               ;
; Resource Aware Inference For Block RAM                           ; On                 ; On                 ;
+------------------------------------------------------------------+--------------------+--------------------+


+------------------------------------------+
; Parallel Compilation                     ;
+----------------------------+-------------+
; Processors                 ; Number      ;
+----------------------------+-------------+
; Number detected on machine ; 12          ;
; Maximum allowed            ; 12          ;
;                            ;             ;
; Average used               ; 1.01        ;
; Maximum used               ; 12          ;
;                            ;             ;
; Usage by Processor         ; % Time Used ;
;     Processor 1            ; 100.0%      ;
;     Processor 2            ;   0.1%      ;
;     Processor 3            ;   0.1%      ;
;     Processor 4            ;   0.1%      ;
;     Processor 5            ;   0.1%      ;
;     Processor 6            ;   0.1%      ;
;     Processor 7            ;   0.1%      ;
;     Processor 8            ;   0.1%      ;
;     Processors 9-12        ;   0.0%      ;
+----------------------------+-------------+


+------------------------------------------------------------------------------------------------------------------------------------------------------------------------------------+
; Analysis & Synthesis Source Files Read                                                                                                                                             ;
+----------------------------------+-----------------+------------------------------------+--------------------------------------------------------------------------------+---------+
; File Name with User-Entered Path ; Used in Netlist ; File Type                          ; File Name with Absolute Path                                                   ; Library ;
+----------------------------------+-----------------+------------------------------------+--------------------------------------------------------------------------------+---------+
; steer_en_SM.sv                   ; yes             ; User SystemVerilog HDL File        ; //Mac/Home/Downloads/segway_hoverboard/rtl/Project/steer_en_SM.sv              ;         ;
; piezo_drv.sv                     ; yes             ; User SystemVerilog HDL File        ; //Mac/Home/Downloads/segway_hoverboard/rtl/Project/piezo_drv.sv                ;         ;
; rst_synch.v                      ; yes             ; User Verilog HDL File              ; //Mac/Home/Downloads/segway_hoverboard/rtl/Project/rst_synch.v                 ;         ;
; SegwayMath.sv                    ; yes             ; User SystemVerilog HDL File        ; //Mac/Home/Downloads/segway_hoverboard/rtl/Project/SegwayMath.sv               ;         ;
; PID.sv                           ; yes             ; User SystemVerilog HDL File        ; //Mac/Home/Downloads/segway_hoverboard/rtl/Project/PID.sv                      ;         ;
; Segway.sv                        ; yes             ; User SystemVerilog HDL File        ; //Mac/Home/Downloads/segway_hoverboard/rtl/Project/Segway.sv                   ;         ;
; Auth_blk.sv                      ; yes             ; User SystemVerilog HDL File        ; //Mac/Home/Downloads/segway_hoverboard/rtl/Project/Auth_blk.sv                 ;         ;
; steer_en.sv                      ; yes             ; User SystemVerilog HDL File        ; //Mac/Home/Downloads/segway_hoverboard/rtl/Project/steer_en.sv                 ;         ;
; PWM11.sv                         ; yes             ; User SystemVerilog HDL File        ; //Mac/Home/Downloads/segway_hoverboard/rtl/Project/PWM11.sv                    ;         ;
; mtr_drv.sv                       ; yes             ; User SystemVerilog HDL File        ; //Mac/Home/Downloads/segway_hoverboard/rtl/Project/mtr_drv.sv                  ;         ;
; inertial_integrator.sv           ; yes             ; User SystemVerilog HDL File        ; //Mac/Home/Downloads/segway_hoverboard/rtl/Project/inertial_integrator.sv      ;         ;
; inert_intf.sv                    ; yes             ; User SystemVerilog HDL File        ; //Mac/Home/Downloads/segway_hoverboard/rtl/Project/inert_intf.sv               ;         ;
; A2D_intf.sv                      ; yes             ; User SystemVerilog HDL File        ; //Mac/Home/Downloads/segway_hoverboard/rtl/Project/A2D_intf.sv                 ;         ;
; balance_cntrl.sv                 ; yes             ; User SystemVerilog HDL File        ; //Mac/Home/Downloads/segway_hoverboard/rtl/Project/balance_cntrl.sv            ;         ;
; spi_mnrch.sv                     ; yes             ; Auto-Found SystemVerilog HDL File  ; //Mac/Home/Downloads/segway_hoverboard/rtl/Project/spi_mnrch.sv                ;         ;
; lpm_mult.tdf                     ; yes             ; Megafunction                       ; c:/altera_lite/25.1std/quartus/libraries/megafunctions/lpm_mult.tdf            ;         ;
; aglobal251.inc                   ; yes             ; Megafunction                       ; c:/altera_lite/25.1std/quartus/libraries/megafunctions/aglobal251.inc          ;         ;
; lpm_add_sub.inc                  ; yes             ; Megafunction                       ; c:/altera_lite/25.1std/quartus/libraries/megafunctions/lpm_add_sub.inc         ;         ;
; multcore.inc                     ; yes             ; Megafunction                       ; c:/altera_lite/25.1std/quartus/libraries/megafunctions/multcore.inc            ;         ;
; bypassff.inc                     ; yes             ; Megafunction                       ; c:/altera_lite/25.1std/quartus/libraries/megafunctions/bypassff.inc            ;         ;
; altshift.inc                     ; yes             ; Megafunction                       ; c:/altera_lite/25.1std/quartus/libraries/megafunctions/altshift.inc            ;         ;
; db/mult_g4t.tdf                  ; yes             ; Auto-Generated Megafunction        ; //Mac/Home/Downloads/segway_hoverboard/rtl/Project/db/mult_g4t.tdf             ;         ;
; multcore.tdf                     ; yes             ; Megafunction                       ; c:/altera_lite/25.1std/quartus/libraries/megafunctions/multcore.tdf            ;         ;
; csa_add.inc                      ; yes             ; Megafunction                       ; c:/altera_lite/25.1std/quartus/libraries/megafunctions/csa_add.inc             ;         ;
; mpar_add.inc                     ; yes             ; Megafunction                       ; c:/altera_lite/25.1std/quartus/libraries/megafunctions/mpar_add.inc            ;         ;
; muleabz.inc                      ; yes             ; Megafunction                       ; c:/altera_lite/25.1std/quartus/libraries/megafunctions/muleabz.inc             ;         ;
; mul_lfrg.inc                     ; yes             ; Megafunction                       ; c:/altera_lite/25.1std/quartus/libraries/megafunctions/mul_lfrg.inc            ;         ;
; mul_boothc.inc                   ; yes             ; Megafunction                       ; c:/altera_lite/25.1std/quartus/libraries/megafunctions/mul_boothc.inc          ;         ;
; alt_ded_mult.inc                 ; yes             ; Megafunction                       ; c:/altera_lite/25.1std/quartus/libraries/megafunctions/alt_ded_mult.inc        ;         ;
; alt_ded_mult_y.inc               ; yes             ; Megafunction                       ; c:/altera_lite/25.1std/quartus/libraries/megafunctions/alt_ded_mult_y.inc      ;         ;
; dffpipe.inc                      ; yes             ; Megafunction                       ; c:/altera_lite/25.1std/quartus/libraries/megafunctions/dffpipe.inc             ;         ;
; mpar_add.tdf                     ; yes             ; Megafunction                       ; c:/altera_lite/25.1std/quartus/libraries/megafunctions/mpar_add.tdf            ;         ;
; lpm_add_sub.tdf                  ; yes             ; Megafunction                       ; c:/altera_lite/25.1std/quartus/libraries/megafunctions/lpm_add_sub.tdf         ;         ;
; addcore.inc                      ; yes             ; Megafunction                       ; c:/altera_lite/25.1std/quartus/libraries/megafunctions/addcore.inc             ;         ;
; look_add.inc                     ; yes             ; Megafunction                       ; c:/altera_lite/25.1std/quartus/libraries/megafunctions/look_add.inc            ;         ;
; alt_stratix_add_sub.inc          ; yes             ; Megafunction                       ; c:/altera_lite/25.1std/quartus/libraries/megafunctions/alt_stratix_add_sub.inc ;         ;
; db/add_sub_ekh.tdf               ; yes             ; Auto-Generated Megafunction        ; //Mac/Home/Downloads/segway_hoverboard/rtl/Project/db/add_sub_ekh.tdf          ;         ;
; db/add_sub_k9h.tdf               ; yes             ; Auto-Generated Megafunction        ; //Mac/Home/Downloads/segway_hoverboard/rtl/Project/db/add_sub_k9h.tdf          ;         ;
; db/add_sub_ikh.tdf               ; yes             ; Auto-Generated Megafunction        ; //Mac/Home/Downloads/segway_hoverboard/rtl/Project/db/add_sub_ikh.tdf          ;         ;
; altshift.tdf                     ; yes             ; Megafunction                       ; c:/altera_lite/25.1std/quartus/libraries/megafunctions/altshift.tdf            ;         ;
+----------------------------------+-----------------+------------------------------------+--------------------------------------------------------------------------------+---------+


+---------------------------------------------------------+
; Analysis & Synthesis Resource Usage Summary             ;
+---------------------------------------------+-----------+
; Resource                                    ; Usage     ;
+---------------------------------------------+-----------+
; Estimated Total logic elements              ; 1,207     ;
;                                             ;           ;
; Total combinational functions               ; 1093      ;
; Logic element usage by number of LUT inputs ;           ;
;     -- 4 input functions                    ; 354       ;
;     -- 3 input functions                    ; 489       ;
;     -- <=2 input functions                  ; 250       ;
;                                             ;           ;
; Logic elements by mode                      ;           ;
;     -- normal mode                          ; 618       ;
;     -- arithmetic mode                      ; 475       ;
;                                             ;           ;
; Total registers                             ; 469       ;
;     -- Dedicated logic registers            ; 469       ;
;     -- I/O registers                        ; 0         ;
;                                             ;           ;
; I/O pins                                    ; 20        ;
;                                             ;           ;
; Embedded Multiplier 9-bit elements          ; 2         ;
;                                             ;           ;
; Maximum fan-out node                        ; clk~input ;
; Maximum fan-out                             ; 469       ;
; Total fan-out                               ; 5019      ;
; Average fan-out                             ; 3.13      ;
+---------------------------------------------+-----------+


+-------------------------------------------------------------------------------------------------------------------------------------------------------------------------------------------------------------------------------------------------------------------------------------------------------------------------------------------------------------------------+
; Analysis & Synthesis Resource Utilization by Entity                                                                                                                                                                                                                                                                                                                     ;
+---------------------------------------------------+---------------------+---------------------------+-------------+--------------+---------+-----------+------+--------------+-----------------------------------------------------------------------------------------------------------------------------------------------------+---------------------+--------------+
; Compilation Hierarchy Node                        ; Combinational ALUTs ; Dedicated Logic Registers ; Memory Bits ; DSP Elements ; DSP 9x9 ; DSP 18x18 ; Pins ; Virtual Pins ; Full Hierarchy Name                                                                                                                                 ; Entity Name         ; Library Name ;
+---------------------------------------------------+---------------------+---------------------------+-------------+--------------+---------+-----------+------+--------------+-----------------------------------------------------------------------------------------------------------------------------------------------------+---------------------+--------------+
; |Segway                                           ; 1093 (0)            ; 469 (0)                   ; 0           ; 2            ; 0       ; 1         ; 20   ; 0            ; |Segway                                                                                                                                             ; Segway              ; work         ;
;    |A2D_intf:iA2D|                                ; 55 (13)             ; 86 (43)                   ; 0           ; 0            ; 0       ; 0         ; 0    ; 0            ; |Segway|A2D_intf:iA2D                                                                                                                               ; A2D_intf            ; work         ;
;       |SPI_mnrch:SPI_inst|                        ; 42 (42)             ; 43 (43)                   ; 0           ; 0            ; 0       ; 0         ; 0    ; 0            ; |Segway|A2D_intf:iA2D|SPI_mnrch:SPI_inst                                                                                                            ; SPI_mnrch           ; work         ;
;    |Auth_blk:iAuth|                               ; 64 (8)              ; 34 (3)                    ; 0           ; 0            ; 0       ; 0         ; 0    ; 0            ; |Segway|Auth_blk:iAuth                                                                                                                              ; Auth_blk            ; work         ;
;       |UART_rx:u_rx|                              ; 56 (56)             ; 31 (31)                   ; 0           ; 0            ; 0       ; 0         ; 0    ; 0            ; |Segway|Auth_blk:iAuth|UART_rx:u_rx                                                                                                                 ; UART_rx             ; work         ;
;    |balance_cntrl:iBAL|                           ; 332 (0)             ; 73 (0)                    ; 0           ; 2            ; 0       ; 1         ; 0    ; 0            ; |Segway|balance_cntrl:iBAL                                                                                                                          ; balance_cntrl       ; work         ;
;       |PID:pid_inst|                              ; 147 (147)           ; 61 (61)                   ; 0           ; 0            ; 0       ; 0         ; 0    ; 0            ; |Segway|balance_cntrl:iBAL|PID:pid_inst                                                                                                             ; PID                 ; work         ;
;       |Segway_Math:segway_math_inst|              ; 185 (136)           ; 12 (12)                   ; 0           ; 2            ; 0       ; 1         ; 0    ; 0            ; |Segway|balance_cntrl:iBAL|Segway_Math:segway_math_inst                                                                                             ; Segway_Math         ; work         ;
;          |deadzn_shaping:deadzone_inst_lft|       ; 25 (25)             ; 0 (0)                     ; 0           ; 0            ; 0       ; 0         ; 0    ; 0            ; |Segway|balance_cntrl:iBAL|Segway_Math:segway_math_inst|deadzn_shaping:deadzone_inst_lft                                                            ; deadzn_shaping      ; work         ;
;          |deadzn_shaping:deadzone_inst_rgt|       ; 24 (24)             ; 0 (0)                     ; 0           ; 0            ; 0       ; 0         ; 0    ; 0            ; |Segway|balance_cntrl:iBAL|Segway_Math:segway_math_inst|deadzn_shaping:deadzone_inst_rgt                                                            ; deadzn_shaping      ; work         ;
;          |lpm_mult:Mult0|                         ; 0 (0)               ; 0 (0)                     ; 0           ; 2            ; 0       ; 1         ; 0    ; 0            ; |Segway|balance_cntrl:iBAL|Segway_Math:segway_math_inst|lpm_mult:Mult0                                                                              ; lpm_mult            ; work         ;
;             |mult_g4t:auto_generated|             ; 0 (0)               ; 0 (0)                     ; 0           ; 2            ; 0       ; 1         ; 0    ; 0            ; |Segway|balance_cntrl:iBAL|Segway_Math:segway_math_inst|lpm_mult:Mult0|mult_g4t:auto_generated                                                      ; mult_g4t            ; work         ;
;    |inert_intf:iNEMO|                             ; 262 (47)            ; 138 (59)                  ; 0           ; 0            ; 0       ; 0         ; 0    ; 0            ; |Segway|inert_intf:iNEMO                                                                                                                            ; inert_intf          ; work         ;
;       |SPI_mnrch:iSPI|                            ; 45 (45)             ; 39 (39)                   ; 0           ; 0            ; 0       ; 0         ; 0    ; 0            ; |Segway|inert_intf:iNEMO|SPI_mnrch:iSPI                                                                                                             ; SPI_mnrch           ; work         ;
;       |inertial_integrator:iINT|                  ; 170 (98)            ; 40 (40)                   ; 0           ; 0            ; 0       ; 0         ; 0    ; 0            ; |Segway|inert_intf:iNEMO|inertial_integrator:iINT                                                                                                   ; inertial_integrator ; work         ;
;          |lpm_mult:Mult0|                         ; 72 (0)              ; 0 (0)                     ; 0           ; 0            ; 0       ; 0         ; 0    ; 0            ; |Segway|inert_intf:iNEMO|inertial_integrator:iINT|lpm_mult:Mult0                                                                                    ; lpm_mult            ; work         ;
;             |multcore:mult_core|                  ; 72 (44)             ; 0 (0)                     ; 0           ; 0            ; 0       ; 0         ; 0    ; 0            ; |Segway|inert_intf:iNEMO|inertial_integrator:iINT|lpm_mult:Mult0|multcore:mult_core                                                                 ; multcore            ; work         ;
;                |mpar_add:padder|                  ; 28 (0)              ; 0 (0)                     ; 0           ; 0            ; 0       ; 0         ; 0    ; 0            ; |Segway|inert_intf:iNEMO|inertial_integrator:iINT|lpm_mult:Mult0|multcore:mult_core|mpar_add:padder                                                 ; mpar_add            ; work         ;
;                   |lpm_add_sub:adder[0]|          ; 14 (0)              ; 0 (0)                     ; 0           ; 0            ; 0       ; 0         ; 0    ; 0            ; |Segway|inert_intf:iNEMO|inertial_integrator:iINT|lpm_mult:Mult0|multcore:mult_core|mpar_add:padder|lpm_add_sub:adder[0]                            ; lpm_add_sub         ; work         ;
;                      |add_sub_k9h:auto_generated| ; 14 (14)             ; 0 (0)                     ; 0           ; 0            ; 0       ; 0         ; 0    ; 0            ; |Segway|inert_intf:iNEMO|inertial_integrator:iINT|lpm_mult:Mult0|multcore:mult_core|mpar_add:padder|lpm_add_sub:adder[0]|add_sub_k9h:auto_generated ; add_sub_k9h         ; work         ;
;                   |lpm_add_sub:adder[1]|          ; 14 (0)              ; 0 (0)                     ; 0           ; 0            ; 0       ; 0         ; 0    ; 0            ; |Segway|inert_intf:iNEMO|inertial_integrator:iINT|lpm_mult:Mult0|multcore:mult_core|mpar_add:padder|lpm_add_sub:adder[1]                            ; lpm_add_sub         ; work         ;
;                      |add_sub_ekh:auto_generated| ; 14 (14)             ; 0 (0)                     ; 0           ; 0            ; 0       ; 0         ; 0    ; 0            ; |Segway|inert_intf:iNEMO|inertial_integrator:iINT|lpm_mult:Mult0|multcore:mult_core|mpar_add:padder|lpm_add_sub:adder[1]|add_sub_ekh:auto_generated ; add_sub_ekh         ; work         ;
;    |mtr_drv:iDRV|                                 ; 126 (23)            ; 51 (36)                   ; 0           ; 0            ; 0       ; 0         ; 0    ; 0            ; |Segway|mtr_drv:iDRV                                                                                                                                ; mtr_drv             ; work         ;
;       |PWM11:iPWM_lft|                            ; 75 (75)             ; 13 (13)                   ; 0           ; 0            ; 0       ; 0         ; 0    ; 0            ; |Segway|mtr_drv:iDRV|PWM11:iPWM_lft                                                                                                                 ; PWM11               ; work         ;
;       |PWM11:iPWM_rght|                           ; 28 (28)             ; 2 (2)                     ; 0           ; 0            ; 0       ; 0         ; 0    ; 0            ; |Segway|mtr_drv:iDRV|PWM11:iPWM_rght                                                                                                                ; PWM11               ; work         ;
;    |piezo_drv:iBUZZ|                              ; 114 (114)           ; 55 (55)                   ; 0           ; 0            ; 0       ; 0         ; 0    ; 0            ; |Segway|piezo_drv:iBUZZ                                                                                                                             ; piezo_drv           ; work         ;
;    |rst_synch:iRST|                               ; 0 (0)               ; 2 (2)                     ; 0           ; 0            ; 0       ; 0         ; 0    ; 0            ; |Segway|rst_synch:iRST                                                                                                                              ; rst_synch           ; work         ;
;    |steer_en:iSTR|                                ; 140 (128)           ; 30 (27)                   ; 0           ; 0            ; 0       ; 0         ; 0    ; 0            ; |Segway|steer_en:iSTR                                                                                                                               ; steer_en            ; work         ;
;       |steer_en_SM:SM_inst|                       ; 12 (12)             ; 3 (3)                     ; 0           ; 0            ; 0       ; 0         ; 0    ; 0            ; |Segway|steer_en:iSTR|steer_en_SM:SM_inst                                                                                                           ; steer_en_SM         ; work         ;
+---------------------------------------------------+---------------------+---------------------------+-------------+--------------+---------+-----------+------+--------------+-----------------------------------------------------------------------------------------------------------------------------------------------------+---------------------+--------------+
Note: For table entries with two numbers listed, the numbers in parentheses indicate the number of resources of the given type used by the specific entity alone. The numbers listed outside of parentheses indicate the total resources of the given type used by the specific entity and all of its sub-entities in the hierarchy.


+-----------------------------------------------------+
; Analysis & Synthesis DSP Block Usage Summary        ;
+---------------------------------------+-------------+
; Statistic                             ; Number Used ;
+---------------------------------------+-------------+
; Simple Multipliers (9-bit)            ; 0           ;
; Simple Multipliers (18-bit)           ; 1           ;
; Embedded Multiplier Blocks            ; --          ;
; Embedded Multiplier 9-bit elements    ; 2           ;
; Signed Embedded Multipliers           ; 1           ;
; Unsigned Embedded Multipliers         ; 0           ;
; Mixed Sign Embedded Multipliers       ; 0           ;
; Variable Sign Embedded Multipliers    ; 0           ;
; Dedicated Input Shift Register Chains ; 0           ;
+---------------------------------------+-------------+
Note: number of Embedded Multiplier Blocks used is only available after a successful fit.


Encoding Type:  One-Hot
+--------------------------------------------------------------------------------------------------------------+
; State Machine - |Segway|piezo_drv:iBUZZ|state                                                                ;
+-------------+-------------+-------------+-------------+-------------+-------------+-------------+------------+
; Name        ; state.NOTE6 ; state.NOTE5 ; state.NOTE4 ; state.NOTE3 ; state.NOTE2 ; state.NOTE1 ; state.IDLE ;
+-------------+-------------+-------------+-------------+-------------+-------------+-------------+------------+
; state.IDLE  ; 0           ; 0           ; 0           ; 0           ; 0           ; 0           ; 0          ;
; state.NOTE1 ; 0           ; 0           ; 0           ; 0           ; 0           ; 1           ; 1          ;
; state.NOTE2 ; 0           ; 0           ; 0           ; 0           ; 1           ; 0           ; 1          ;
; state.NOTE3 ; 0           ; 0           ; 0           ; 1           ; 0           ; 0           ; 1          ;
; state.NOTE4 ; 0           ; 0           ; 1           ; 0           ; 0           ; 0           ; 1          ;
; state.NOTE5 ; 0           ; 1           ; 0           ; 0           ; 0           ; 0           ; 1          ;
; state.NOTE6 ; 1           ; 0           ; 0           ; 0           ; 0           ; 0           ; 1          ;
+-------------+-------------+-------------+-------------+-------------+-------------+-------------+------------+


Encoding Type:  One-Hot
+----------------------------------------------------------------------+
; State Machine - |Segway|A2D_intf:iA2D|state                          ;
+---------------+------------+------------+---------------+------------+
; Name          ; state.READ ; state.WAIT ; state.CHANNEL ; state.IDLE ;
+---------------+------------+------------+---------------+------------+
; state.IDLE    ; 0          ; 0          ; 0             ; 0          ;
; state.CHANNEL ; 0          ; 0          ; 1             ; 1          ;
; state.WAIT    ; 0          ; 1          ; 0             ; 1          ;
; state.READ    ; 1          ; 0          ; 0             ; 1          ;
+---------------+------------+------------+---------------+------------+


Encoding Type:  One-Hot
+-------------------------------------------------------------------+
; State Machine - |Segway|A2D_intf:iA2D|SPI_mnrch:SPI_inst|state    ;
+-------------+------------+-------------+-------------+------------+
; Name        ; state.BACK ; state.SHIFT ; state.FRONT ; state.IDLE ;
+-------------+------------+-------------+-------------+------------+
; state.IDLE  ; 0          ; 0           ; 0           ; 0          ;
; state.FRONT ; 0          ; 0           ; 1           ; 1          ;
; state.SHIFT ; 0          ; 1           ; 0           ; 1          ;
; state.BACK  ; 1          ; 0           ; 0           ; 1          ;
+-------------+------------+-------------+-------------+------------+


Encoding Type:  One-Hot
+-----------------------------------------------------------------+
; State Machine - |Segway|steer_en:iSTR|steer_en_SM:SM_inst|state ;
+--------------+------------+--------------+----------------------+
; Name         ; state.INIT ; state.ENABLE ; state.WAIT           ;
+--------------+------------+--------------+----------------------+
; state.INIT   ; 0          ; 0            ; 0                    ;
; state.WAIT   ; 1          ; 0            ; 1                    ;
; state.ENABLE ; 1          ; 1            ; 0                    ;
+--------------+------------+--------------+----------------------+


Encoding Type:  One-Hot
+--------------------------------------------------------------------------------------------------------------------------------------+
; State Machine - |Segway|inert_intf:iNEMO|state                                                                                       ;
+-------------+-----------+-------------+-------------+------------+-------------+-------------+-------------+-------------+-----------+
; Name        ; state.AZL ; state.PTCHH ; state.PTCHL ; state.WAIT ; state.INIT4 ; state.INIT3 ; state.INIT2 ; state.INIT1 ; state.AZH ;
+-------------+-----------+-------------+-------------+------------+-------------+-------------+-------------+-------------+-----------+
; state.INIT1 ; 0         ; 0           ; 0           ; 0          ; 0           ; 0           ; 0           ; 0           ; 0         ;
; state.INIT2 ; 0         ; 0           ; 0           ; 0          ; 0           ; 0           ; 1           ; 1           ; 0         ;
; state.INIT3 ; 0         ; 0           ; 0           ; 0          ; 0           ; 1           ; 0           ; 1           ; 0         ;
; state.INIT4 ; 0         ; 0           ; 0           ; 0          ; 1           ; 0           ; 0           ; 1           ; 0         ;
; state.WAIT  ; 0         ; 0           ; 0           ; 1          ; 0           ; 0           ; 0           ; 1           ; 0         ;
; state.PTCHL ; 0         ; 0           ; 1           ; 0          ; 0           ; 0           ; 0           ; 1           ; 0         ;
; state.PTCHH ; 0         ; 1           ; 0           ; 0          ; 0           ; 0           ; 0           ; 1           ; 0         ;
; state.AZL   ; 1         ; 0           ; 0           ; 0          ; 0           ; 0           ; 0           ; 1           ; 0         ;
; state.AZH   ; 0         ; 0           ; 0           ; 0          ; 0           ; 0           ; 0           ; 1           ; 1         ;
+-------------+-----------+-------------+-------------+------------+-------------+-------------+-------------+-------------+-----------+


Encoding Type:  One-Hot
+-------------------------------------------------------------------+
; State Machine - |Segway|inert_intf:iNEMO|SPI_mnrch:iSPI|state     ;
+-------------+------------+-------------+-------------+------------+
; Name        ; state.BACK ; state.SHIFT ; state.FRONT ; state.IDLE ;
+-------------+------------+-------------+-------------+------------+
; state.IDLE  ; 0          ; 0           ; 0           ; 0          ;
; state.FRONT ; 0          ; 0           ; 1           ; 1          ;
; state.SHIFT ; 0          ; 1           ; 0           ; 1          ;
; state.BACK  ; 1          ; 0           ; 0           ; 1          ;
+-------------+------------+-------------+-------------+------------+


Encoding Type:  One-Hot
+-----------------------------------------------------+
; State Machine - |Segway|Auth_blk:iAuth|state        ;
+-------------+------------+------------+-------------+
; Name        ; state.IDLE ; state.WAIT ; state.ARMED ;
+-------------+------------+------------+-------------+
; state.IDLE  ; 0          ; 0          ; 0           ;
; state.ARMED ; 1          ; 0          ; 1           ;
; state.WAIT  ; 1          ; 1          ; 0           ;
+-------------+------------+------------+-------------+


+--------------------------------------------------------------------------------------------+
; Registers Removed During Synthesis                                                         ;
+------------------------------------------+-------------------------------------------------+
; Register name                            ; Reason for Removal                              ;
+------------------------------------------+-------------------------------------------------+
; mtr_drv:iDRV|PWM11:iPWM_rght|cnt[10]     ; Merged with mtr_drv:iDRV|PWM11:iPWM_lft|cnt[10] ;
; mtr_drv:iDRV|PWM11:iPWM_rght|cnt[9]      ; Merged with mtr_drv:iDRV|PWM11:iPWM_lft|cnt[9]  ;
; mtr_drv:iDRV|PWM11:iPWM_rght|cnt[8]      ; Merged with mtr_drv:iDRV|PWM11:iPWM_lft|cnt[8]  ;
; mtr_drv:iDRV|PWM11:iPWM_rght|cnt[7]      ; Merged with mtr_drv:iDRV|PWM11:iPWM_lft|cnt[7]  ;
; mtr_drv:iDRV|PWM11:iPWM_rght|cnt[6]      ; Merged with mtr_drv:iDRV|PWM11:iPWM_lft|cnt[6]  ;
; mtr_drv:iDRV|PWM11:iPWM_rght|cnt[5]      ; Merged with mtr_drv:iDRV|PWM11:iPWM_lft|cnt[5]  ;
; mtr_drv:iDRV|PWM11:iPWM_rght|cnt[4]      ; Merged with mtr_drv:iDRV|PWM11:iPWM_lft|cnt[4]  ;
; mtr_drv:iDRV|PWM11:iPWM_rght|cnt[3]      ; Merged with mtr_drv:iDRV|PWM11:iPWM_lft|cnt[3]  ;
; mtr_drv:iDRV|PWM11:iPWM_rght|cnt[2]      ; Merged with mtr_drv:iDRV|PWM11:iPWM_lft|cnt[2]  ;
; mtr_drv:iDRV|PWM11:iPWM_rght|cnt[1]      ; Merged with mtr_drv:iDRV|PWM11:iPWM_lft|cnt[1]  ;
; mtr_drv:iDRV|PWM11:iPWM_rght|cnt[0]      ; Merged with mtr_drv:iDRV|PWM11:iPWM_lft|cnt[0]  ;
; A2D_intf:iA2D|batt[0..10]                ; Lost fanout                                     ;
; piezo_drv:iBUZZ|state~4                  ; Lost fanout                                     ;
; piezo_drv:iBUZZ|state~5                  ; Lost fanout                                     ;
; piezo_drv:iBUZZ|state~6                  ; Lost fanout                                     ;
; piezo_drv:iBUZZ|state~7                  ; Lost fanout                                     ;
; A2D_intf:iA2D|state~4                    ; Lost fanout                                     ;
; A2D_intf:iA2D|state~5                    ; Lost fanout                                     ;
; A2D_intf:iA2D|SPI_mnrch:SPI_inst|state~4 ; Lost fanout                                     ;
; A2D_intf:iA2D|SPI_mnrch:SPI_inst|state~5 ; Lost fanout                                     ;
; inert_intf:iNEMO|state~4                 ; Lost fanout                                     ;
; inert_intf:iNEMO|state~5                 ; Lost fanout                                     ;
; inert_intf:iNEMO|state~6                 ; Lost fanout                                     ;
; inert_intf:iNEMO|SPI_mnrch:iSPI|state~4  ; Lost fanout                                     ;
; inert_intf:iNEMO|SPI_mnrch:iSPI|state~5  ; Lost fanout                                     ;
; Total Number of Removed Registers = 35   ;                                                 ;
+------------------------------------------+-------------------------------------------------+


+------------------------------------------------------+
; General Register Statistics                          ;
+----------------------------------------------+-------+
; Statistic                                    ; Value ;
+----------------------------------------------+-------+
; Total registers                              ; 469   ;
; Number of registers using Synchronous Clear  ; 96    ;
; Number of registers using Synchronous Load   ; 16    ;
; Number of registers using Asynchronous Clear ; 284   ;
; Number of registers using Asynchronous Load  ; 0     ;
; Number of registers using Clock Enable       ; 261   ;
; Number of registers using Preset             ; 0     ;
+----------------------------------------------+-------+


+------------------------------------------------------+
; Inverted Register Statistics                         ;
+--------------------------------------------+---------+
; Inverted Register                          ; Fan out ;
+--------------------------------------------+---------+
; inert_intf:iNEMO|SPI_mnrch:iSPI|SS_n       ; 2       ;
; A2D_intf:iA2D|SPI_mnrch:SPI_inst|SS_n      ; 2       ;
; mtr_drv:iDRV|lft_spd_synch[11]             ; 2       ;
; mtr_drv:iDRV|rght_spd_synch[11]            ; 2       ;
; piezo_drv:iBUZZ|three_sec                  ; 5       ;
; Auth_blk:iAuth|UART_rx:u_rx|rx_shft_reg[4] ; 3       ;
; Auth_blk:iAuth|UART_rx:u_rx|rx_shft_reg[2] ; 3       ;
; Auth_blk:iAuth|UART_rx:u_rx|rx_shft_reg[7] ; 2       ;
; Auth_blk:iAuth|UART_rx:u_rx|rx_shft_reg[5] ; 2       ;
; Auth_blk:iAuth|UART_rx:u_rx|rx_shft_reg[0] ; 1       ;
; Auth_blk:iAuth|UART_rx:u_rx|rx_shft_reg[6] ; 2       ;
; Auth_blk:iAuth|UART_rx:u_rx|rx_shft_reg[3] ; 2       ;
; Auth_blk:iAuth|UART_rx:u_rx|rx_shft_reg[1] ; 2       ;
; Auth_blk:iAuth|UART_rx:u_rx|rx_s2          ; 16      ;
; Auth_blk:iAuth|UART_rx:u_rx|rx_prev        ; 15      ;
; Auth_blk:iAuth|UART_rx:u_rx|rx_shft_reg[8] ; 1       ;
; Auth_blk:iAuth|UART_rx:u_rx|rx_s1          ; 1       ;
; Total number of inverted registers = 17    ;         ;
+--------------------------------------------+---------+


+-------------------------------------------------------------------------------------------------------------------------------------------------------------------------------------------------------------------+
; Multiplexer Restructuring Statistics (Restructuring Performed)                                                                                                                                                    ;
+--------------------+-----------+---------------+----------------------+------------------------+------------+-----------------------------------------------------------------------------------------------------+
; Multiplexer Inputs ; Bus Width ; Baseline Area ; Area if Restructured ; Saving if Restructured ; Registered ; Example Multiplexer Output                                                                          ;
+--------------------+-----------+---------------+----------------------+------------------------+------------+-----------------------------------------------------------------------------------------------------+
; 3:1                ; 8 bits    ; 16 LEs        ; 8 LEs                ; 8 LEs                  ; Yes        ; |Segway|inert_intf:iNEMO|SPI_mnrch:iSPI|bit_cntr[1]                                                 ;
; 3:1                ; 12 bits   ; 24 LEs        ; 12 LEs               ; 12 LEs                 ; Yes        ; |Segway|inert_intf:iNEMO|SPI_mnrch:iSPI|shft_reg[5]                                                 ;
; 3:1                ; 17 bits   ; 34 LEs        ; 17 LEs               ; 17 LEs                 ; Yes        ; |Segway|A2D_intf:iA2D|SPI_mnrch:SPI_inst|shft_reg[7]                                                ;
; 3:1                ; 3 bits    ; 6 LEs         ; 3 LEs                ; 3 LEs                  ; Yes        ; |Segway|A2D_intf:iA2D|SPI_mnrch:SPI_inst|shft_reg[12]                                               ;
; 3:1                ; 4 bits    ; 8 LEs         ; 4 LEs                ; 4 LEs                  ; Yes        ; |Segway|piezo_drv:iBUZZ|clk_counter[2]                                                              ;
; 3:1                ; 4 bits    ; 8 LEs         ; 4 LEs                ; 4 LEs                  ; Yes        ; |Segway|Auth_blk:iAuth|UART_rx:u_rx|bit_cnt[0]                                                      ;
; 3:1                ; 19 bits   ; 38 LEs        ; 19 LEs               ; 19 LEs                 ; Yes        ; |Segway|balance_cntrl:iBAL|PID:pid_inst|long_tmr[7]                                                 ;
; 3:1                ; 18 bits   ; 36 LEs        ; 18 LEs               ; 18 LEs                 ; Yes        ; |Segway|balance_cntrl:iBAL|PID:pid_inst|integrater[16]                                              ;
; 3:1                ; 3 bits    ; 6 LEs         ; 3 LEs                ; 3 LEs                  ; Yes        ; |Segway|piezo_drv:iBUZZ|freq_counter[1]                                                             ;
; 3:1                ; 11 bits   ; 22 LEs        ; 11 LEs               ; 11 LEs                 ; Yes        ; |Segway|piezo_drv:iBUZZ|freq_counter[8]                                                             ;
; 4:1                ; 9 bits    ; 18 LEs        ; 18 LEs               ; 0 LEs                  ; Yes        ; |Segway|Auth_blk:iAuth|UART_rx:u_rx|band_cnt[12]                                                    ;
; 3:1                ; 9 bits    ; 18 LEs        ; 9 LEs                ; 9 LEs                  ; Yes        ; |Segway|Auth_blk:iAuth|UART_rx:u_rx|rx_shft_reg[2]                                                  ;
; 3:1                ; 8 bits    ; 16 LEs        ; 8 LEs                ; 8 LEs                  ; Yes        ; |Segway|balance_cntrl:iBAL|PID:pid_inst|long_tmr[24]                                                ;
; 3:1                ; 2 bits    ; 4 LEs         ; 2 LEs                ; 2 LEs                  ; No         ; |Segway|balance_cntrl:iBAL|Segway_Math:segway_math_inst|deadzn_shaping:deadzone_inst_lft|shaped[1]  ;
; 3:1                ; 11 bits   ; 22 LEs        ; 22 LEs               ; 0 LEs                  ; No         ; |Segway|balance_cntrl:iBAL|Segway_Math:segway_math_inst|deadzn_shaping:deadzone_inst_lft|shaped[10] ;
; 3:1                ; 2 bits    ; 4 LEs         ; 2 LEs                ; 2 LEs                  ; No         ; |Segway|balance_cntrl:iBAL|Segway_Math:segway_math_inst|deadzn_shaping:deadzone_inst_rgt|shaped[1]  ;
; 3:1                ; 11 bits   ; 22 LEs        ; 22 LEs               ; 0 LEs                  ; No         ; |Segway|balance_cntrl:iBAL|Segway_Math:segway_math_inst|deadzn_shaping:deadzone_inst_rgt|shaped[10] ;
; 3:1                ; 11 bits   ; 22 LEs        ; 22 LEs               ; 0 LEs                  ; No         ; |Segway|steer_en:iSTR|abs_spd_diff[7]                                                               ;
; 3:1                ; 12 bits   ; 24 LEs        ; 24 LEs               ; 0 LEs                  ; No         ; |Segway|balance_cntrl:iBAL|Segway_Math:segway_math_inst|steer_pot_clamped[1]                        ;
; 3:1                ; 16 bits   ; 32 LEs        ; 16 LEs               ; 16 LEs                 ; No         ; |Segway|inert_intf:iNEMO|ptch_rt[15]                                                                ;
; 6:1                ; 2 bits    ; 8 LEs         ; 4 LEs                ; 4 LEs                  ; No         ; |Segway|Auth_blk:iAuth|next_state.IDLE                                                              ;
; 5:1                ; 2 bits    ; 6 LEs         ; 4 LEs                ; 2 LEs                  ; No         ; |Segway|A2D_intf:iA2D|Selector2                                                                     ;
; 7:1                ; 2 bits    ; 8 LEs         ; 6 LEs                ; 2 LEs                  ; No         ; |Segway|A2D_intf:iA2D|Selector1                                                                     ;
; 6:1                ; 2 bits    ; 8 LEs         ; 4 LEs                ; 4 LEs                  ; No         ; |Segway|A2D_intf:iA2D|SPI_mnrch:SPI_inst|Selector4                                                  ;
; 6:1                ; 2 bits    ; 8 LEs         ; 4 LEs                ; 4 LEs                  ; No         ; |Segway|inert_intf:iNEMO|SPI_mnrch:iSPI|Selector4                                                   ;
; 8:1                ; 2 bits    ; 10 LEs        ; 4 LEs                ; 6 LEs                  ; No         ; |Segway|A2D_intf:iA2D|SPI_mnrch:SPI_inst|Selector3                                                  ;
; 8:1                ; 3 bits    ; 15 LEs        ; 9 LEs                ; 6 LEs                  ; No         ; |Segway|steer_en:iSTR|steer_en_SM:SM_inst|Selector1                                                 ;
; 8:1                ; 2 bits    ; 10 LEs        ; 4 LEs                ; 6 LEs                  ; No         ; |Segway|inert_intf:iNEMO|SPI_mnrch:iSPI|Selector3                                                   ;
+--------------------+-----------+---------------+----------------------+------------------------+------------+-----------------------------------------------------------------------------------------------------+


+-------------------------------------------------------------+
; Parameter Settings for User Entity Instance: Auth_blk:iAuth ;
+--------------------+----------+-----------------------------+
; Parameter Name     ; Value    ; Type                        ;
+--------------------+----------+-----------------------------+
; authorizationn_ON  ; 01000111 ; Unsigned Binary             ;
; authorizationn_OFF ; 01010011 ; Unsigned Binary             ;
+--------------------+----------+-----------------------------+
Note: In order to hide this table in the UI and the text report file, please set the "Show Parameter Settings in Synthesis Report" option in "Analysis and Synthesis Settings -> More Settings" to "Off".


+---------------------------------------------------------------+
; Parameter Settings for User Entity Instance: inert_intf:iNEMO ;
+----------------+-------+--------------------------------------+
; Parameter Name ; Value ; Type                                 ;
+----------------+-------+--------------------------------------+
; fast_sim       ; 0     ; Signed Integer                       ;
+----------------+-------+--------------------------------------+
Note: In order to hide this table in the UI and the text report file, please set the "Show Parameter Settings in Synthesis Report" option in "Analysis and Synthesis Settings -> More Settings" to "Off".


+-----------------------------------------------------------------+
; Parameter Settings for User Entity Instance: balance_cntrl:iBAL ;
+----------------+-------+----------------------------------------+
; Parameter Name ; Value ; Type                                   ;
+----------------+-------+----------------------------------------+
; fast_sim       ; 0     ; Signed Integer                         ;
+----------------+-------+----------------------------------------+
Note: In order to hide this table in the UI and the text report file, please set the "Show Parameter Settings in Synthesis Report" option in "Analysis and Synthesis Settings -> More Settings" to "Off".


+------------------------------------------------------------------------------+
; Parameter Settings for User Entity Instance: balance_cntrl:iBAL|PID:pid_inst ;
+----------------+-------+-----------------------------------------------------+
; Parameter Name ; Value ; Type                                                ;
+----------------+-------+-----------------------------------------------------+
; fast_sim       ; 0     ; Signed Integer                                      ;
+----------------+-------+-----------------------------------------------------+
Note: In order to hide this table in the UI and the text report file, please set the "Show Parameter Settings in Synthesis Report" option in "Analysis and Synthesis Settings -> More Settings" to "Off".


+------------------------------------------------------------+
; Parameter Settings for User Entity Instance: steer_en:iSTR ;
+----------------+-------+-----------------------------------+
; Parameter Name ; Value ; Type                              ;
+----------------+-------+-----------------------------------+
; fast_sim       ; 0     ; Signed Integer                    ;
+----------------+-------+-----------------------------------+
Note: In order to hide this table in the UI and the text report file, please set the "Show Parameter Settings in Synthesis Report" option in "Analysis and Synthesis Settings -> More Settings" to "Off".


+--------------------------------------------------------------+
; Parameter Settings for User Entity Instance: piezo_drv:iBUZZ ;
+----------------+-------+-------------------------------------+
; Parameter Name ; Value ; Type                                ;
+----------------+-------+-------------------------------------+
; fast_sim       ; 0     ; Signed Integer                      ;
+----------------+-------+-------------------------------------+
Note: In order to hide this table in the UI and the text report file, please set the "Show Parameter Settings in Synthesis Report" option in "Analysis and Synthesis Settings -> More Settings" to "Off".


+-----------------------------------------------------------------------------------------------------------------+
; Parameter Settings for Inferred Entity Instance: balance_cntrl:iBAL|Segway_Math:segway_math_inst|lpm_mult:Mult0 ;
+------------------------------------------------+--------------+-------------------------------------------------+
; Parameter Name                                 ; Value        ; Type                                            ;
+------------------------------------------------+--------------+-------------------------------------------------+
; AUTO_CARRY_CHAINS                              ; ON           ; AUTO_CARRY                                      ;
; IGNORE_CARRY_BUFFERS                           ; OFF          ; IGNORE_CARRY                                    ;
; AUTO_CASCADE_CHAINS                            ; ON           ; AUTO_CASCADE                                    ;
; IGNORE_CASCADE_BUFFERS                         ; OFF          ; IGNORE_CASCADE                                  ;
; LPM_WIDTHA                                     ; 12           ; Untyped                                         ;
; LPM_WIDTHB                                     ; 9            ; Untyped                                         ;
; LPM_WIDTHP                                     ; 21           ; Untyped                                         ;
; LPM_WIDTHR                                     ; 21           ; Untyped                                         ;
; LPM_WIDTHS                                     ; 1            ; Untyped                                         ;
; LPM_REPRESENTATION                             ; SIGNED       ; Untyped                                         ;
; LPM_PIPELINE                                   ; 0            ; Untyped                                         ;
; LATENCY                                        ; 0            ; Untyped                                         ;
; INPUT_A_IS_CONSTANT                            ; NO           ; Untyped                                         ;
; INPUT_B_IS_CONSTANT                            ; NO           ; Untyped                                         ;
; USE_EAB                                        ; OFF          ; Untyped                                         ;
; MAXIMIZE_SPEED                                 ; 6            ; Untyped                                         ;
; DEVICE_FAMILY                                  ; Cyclone IV E ; Untyped                                         ;
; CARRY_CHAIN                                    ; MANUAL       ; Untyped                                         ;
; APEX20K_TECHNOLOGY_MAPPER                      ; LUT          ; TECH_MAPPER_APEX20K                             ;
; DEDICATED_MULTIPLIER_CIRCUITRY                 ; AUTO         ; Untyped                                         ;
; DEDICATED_MULTIPLIER_MIN_INPUT_WIDTH_FOR_AUTO  ; 0            ; Untyped                                         ;
; DEDICATED_MULTIPLIER_MIN_OUTPUT_WIDTH_FOR_AUTO ; 0            ; Untyped                                         ;
; CBXI_PARAMETER                                 ; mult_g4t     ; Untyped                                         ;
; INPUT_A_FIXED_VALUE                            ; Bx           ; Untyped                                         ;
; INPUT_B_FIXED_VALUE                            ; Bx           ; Untyped                                         ;
; USE_AHDL_IMPLEMENTATION                        ; OFF          ; Untyped                                         ;
+------------------------------------------------+--------------+-------------------------------------------------+
Note: In order to hide this table in the UI and the text report file, please set the "Show Parameter Settings in Synthesis Report" option in "Analysis and Synthesis Settings -> More Settings" to "Off".


+-----------------------------------------------------------------------------------------------------------+
; Parameter Settings for Inferred Entity Instance: inert_intf:iNEMO|inertial_integrator:iINT|lpm_mult:Mult0 ;
+------------------------------------------------+--------------+-------------------------------------------+
; Parameter Name                                 ; Value        ; Type                                      ;
+------------------------------------------------+--------------+-------------------------------------------+
; AUTO_CARRY_CHAINS                              ; ON           ; AUTO_CARRY                                ;
; IGNORE_CARRY_BUFFERS                           ; OFF          ; IGNORE_CARRY                              ;
; AUTO_CASCADE_CHAINS                            ; ON           ; AUTO_CASCADE                              ;
; IGNORE_CASCADE_BUFFERS                         ; OFF          ; IGNORE_CASCADE                            ;
; LPM_WIDTHA                                     ; 16           ; Untyped                                   ;
; LPM_WIDTHB                                     ; 10           ; Untyped                                   ;
; LPM_WIDTHP                                     ; 26           ; Untyped                                   ;
; LPM_WIDTHR                                     ; 26           ; Untyped                                   ;
; LPM_WIDTHS                                     ; 1            ; Untyped                                   ;
; LPM_REPRESENTATION                             ; SIGNED       ; Untyped                                   ;
; LPM_PIPELINE                                   ; 0            ; Untyped                                   ;
; LATENCY                                        ; 0            ; Untyped                                   ;
; INPUT_A_IS_CONSTANT                            ; NO           ; Untyped                                   ;
; INPUT_B_IS_CONSTANT                            ; YES          ; Untyped                                   ;
; USE_EAB                                        ; OFF          ; Untyped                                   ;
; MAXIMIZE_SPEED                                 ; 5            ; Untyped                                   ;
; DEVICE_FAMILY                                  ; Cyclone IV E ; Untyped                                   ;
; CARRY_CHAIN                                    ; MANUAL       ; Untyped                                   ;
; APEX20K_TECHNOLOGY_MAPPER                      ; LUT          ; TECH_MAPPER_APEX20K                       ;
; DEDICATED_MULTIPLIER_CIRCUITRY                 ; AUTO         ; Untyped                                   ;
; DEDICATED_MULTIPLIER_MIN_INPUT_WIDTH_FOR_AUTO  ; 0            ; Untyped                                   ;
; DEDICATED_MULTIPLIER_MIN_OUTPUT_WIDTH_FOR_AUTO ; 0            ; Untyped                                   ;
; CBXI_PARAMETER                                 ; NOTHING      ; Untyped                                   ;
; INPUT_A_FIXED_VALUE                            ; Bx           ; Untyped                                   ;
; INPUT_B_FIXED_VALUE                            ; Bx           ; Untyped                                   ;
; USE_AHDL_IMPLEMENTATION                        ; OFF          ; Untyped                                   ;
+------------------------------------------------+--------------+-------------------------------------------+
Note: In order to hide this table in the UI and the text report file, please set the "Show Parameter Settings in Synthesis Report" option in "Analysis and Synthesis Settings -> More Settings" to "Off".


+--------------------------------------------------------------------------------------------------------+
; lpm_mult Parameter Settings by Entity Instance                                                         ;
+---------------------------------------+----------------------------------------------------------------+
; Name                                  ; Value                                                          ;
+---------------------------------------+----------------------------------------------------------------+
; Number of entity instances            ; 2                                                              ;
; Entity Instance                       ; balance_cntrl:iBAL|Segway_Math:segway_math_inst|lpm_mult:Mult0 ;
;     -- LPM_WIDTHA                     ; 12                                                             ;
;     -- LPM_WIDTHB                     ; 9                                                              ;
;     -- LPM_WIDTHP                     ; 21                                                             ;
;     -- LPM_REPRESENTATION             ; SIGNED                                                         ;
;     -- INPUT_A_IS_CONSTANT            ; NO                                                             ;
;     -- INPUT_B_IS_CONSTANT            ; NO                                                             ;
;     -- USE_EAB                        ; OFF                                                            ;
;     -- DEDICATED_MULTIPLIER_CIRCUITRY ; AUTO                                                           ;
;     -- INPUT_A_FIXED_VALUE            ; Bx                                                             ;
;     -- INPUT_B_FIXED_VALUE            ; Bx                                                             ;
; Entity Instance                       ; inert_intf:iNEMO|inertial_integrator:iINT|lpm_mult:Mult0       ;
;     -- LPM_WIDTHA                     ; 16                                                             ;
;     -- LPM_WIDTHB                     ; 10                                                             ;
;     -- LPM_WIDTHP                     ; 26                                                             ;
;     -- LPM_REPRESENTATION             ; SIGNED                                                         ;
;     -- INPUT_A_IS_CONSTANT            ; NO                                                             ;
;     -- INPUT_B_IS_CONSTANT            ; YES                                                            ;
;     -- USE_EAB                        ; OFF                                                            ;
;     -- DEDICATED_MULTIPLIER_CIRCUITRY ; AUTO                                                           ;
;     -- INPUT_A_FIXED_VALUE            ; Bx                                                             ;
;     -- INPUT_B_FIXED_VALUE            ; Bx                                                             ;
+---------------------------------------+----------------------------------------------------------------+


+---------------------------------------------------------------------------------------------------------------------------+
; Port Connectivity Checks: "A2D_intf:iA2D|SPI_mnrch:SPI_inst"                                                              ;
+-----------------+--------+----------+-------------------------------------------------------------------------------------+
; Port            ; Type   ; Severity ; Details                                                                             ;
+-----------------+--------+----------+-------------------------------------------------------------------------------------+
; wt_data[15..14] ; Input  ; Info     ; Stuck at GND                                                                        ;
; wt_data[10..0]  ; Input  ; Info     ; Stuck at GND                                                                        ;
; rd_data[15..12] ; Output ; Info     ; Connected to dangling logic. Logic that only feeds a dangling port will be removed. ;
+-----------------+--------+----------+-------------------------------------------------------------------------------------+


+----------------------------------------------------------+
; Port Connectivity Checks: "mtr_drv:iDRV|PWM11:iPWM_rght" ;
+-------------+--------+----------+------------------------+
; Port        ; Type   ; Severity ; Details                ;
+-------------+--------+----------+------------------------+
; PWM_synch   ; Output ; Info     ; Explicitly unconnected ;
; ovr_I_blank ; Output ; Info     ; Explicitly unconnected ;
+-------------+--------+----------+------------------------+


+---------------------------------------------------------------------------------------------------------------------------------------------+
; Port Connectivity Checks: "mtr_drv:iDRV"                                                                                                    ;
+--------------+--------+----------+----------------------------------------------------------------------------------------------------------+
; Port         ; Type   ; Severity ; Details                                                                                                  ;
+--------------+--------+----------+----------------------------------------------------------------------------------------------------------+
; OVR_I_shtdwn ; Output ; Warning  ; Declared by entity but not connected by instance. Logic that only feeds a dangling port will be removed. ;
+--------------+--------+----------+----------------------------------------------------------------------------------------------------------+


+--------------------------------------------------------------------------------------------------------------------------+
; Port Connectivity Checks: "inert_intf:iNEMO|SPI_mnrch:iSPI"                                                              ;
+----------------+--------+----------+-------------------------------------------------------------------------------------+
; Port           ; Type   ; Severity ; Details                                                                             ;
+----------------+--------+----------+-------------------------------------------------------------------------------------+
; rd_data[15..8] ; Output ; Info     ; Connected to dangling logic. Logic that only feeds a dangling port will be removed. ;
; wt_data[3..2]  ; Input  ; Info     ; Stuck at GND                                                                        ;
; wt_data[14]    ; Input  ; Info     ; Stuck at GND                                                                        ;
; wt_data[7]     ; Input  ; Info     ; Stuck at GND                                                                        ;
+----------------+--------+----------+-------------------------------------------------------------------------------------+


+-----------------------------------------------------+
; Post-Synthesis Netlist Statistics for Top Partition ;
+-----------------------+-----------------------------+
; Type                  ; Count                       ;
+-----------------------+-----------------------------+
; boundary_port         ; 20                          ;
; cycloneiii_ff         ; 469                         ;
;     CLR               ; 103                         ;
;     CLR SCLR          ; 43                          ;
;     CLR SLD           ; 5                           ;
;     ENA               ; 128                         ;
;     ENA CLR           ; 106                         ;
;     ENA CLR SCLR      ; 27                          ;
;     SCLR              ; 26                          ;
;     SLD               ; 11                          ;
;     plain             ; 20                          ;
; cycloneiii_lcell_comb ; 1096                        ;
;     arith             ; 475                         ;
;         2 data inputs ; 161                         ;
;         3 data inputs ; 314                         ;
;     normal            ; 621                         ;
;         0 data inputs ; 6                           ;
;         1 data inputs ; 18                          ;
;         2 data inputs ; 68                          ;
;         3 data inputs ; 175                         ;
;         4 data inputs ; 354                         ;
; cycloneiii_mac_mult   ; 1                           ;
; cycloneiii_mac_out    ; 1                           ;
;                       ;                             ;
; Max LUT depth         ; 19.50                       ;
; Average LUT depth     ; 7.30                        ;
+-----------------------+-----------------------------+


+-------------------------------+
; Elapsed Time Per Partition    ;
+----------------+--------------+
; Partition Name ; Elapsed Time ;
+----------------+--------------+
; Top            ; 00:00:03     ;
+----------------+--------------+


+-------------------------------+
; Analysis & Synthesis Messages ;
+-------------------------------+
Info: *******************************************************************
Info: Running Quartus Prime Analysis & Synthesis
    Info: Version 25.1std.0 Build 1129 10/21/2025 SC Lite Edition
    Info: Processing started: Fri Dec  5 22:36:14 2025
Info: Command: quartus_map --read_settings_files=on --write_settings_files=off Segway -c Segway
Warning (18236): Number of processors has not been specified which may cause overloading on shared machines.  Set the global assignment NUM_PARALLEL_PROCESSORS in your QSF to an appropriate value for best performance.
Info (20032): Parallel compilation is enabled and will use up to 12 processors
Info (12021): Found 1 design units, including 1 entities, in source file steer_en_sm.sv
    Info (12023): Found entity 1: steer_en_SM File: //Mac/Home/Downloads/segway_hoverboard/rtl/Project/steer_en_SM.sv Line: 1
Info (12021): Found 1 design units, including 1 entities, in source file piezo_drv.sv
    Info (12023): Found entity 1: piezo_drv File: //Mac/Home/Downloads/segway_hoverboard/rtl/Project/piezo_drv.sv Line: 284
Info (12021): Found 1 design units, including 1 entities, in source file rst_synch.v
    Info (12023): Found entity 1: rst_synch File: //Mac/Home/Downloads/segway_hoverboard/rtl/Project/rst_synch.v Line: 6
Warning (10259): Verilog HDL error at SegwayMath.sv(103): constant value overflow File: //Mac/Home/Downloads/segway_hoverboard/rtl/Project/SegwayMath.sv Line: 103
Info (12021): Found 2 design units, including 2 entities, in source file segwaymath.sv
    Info (12023): Found entity 1: Segway_Math File: //Mac/Home/Downloads/segway_hoverboard/rtl/Project/SegwayMath.sv Line: 1
    Info (12023): Found entity 2: deadzn_shaping File: //Mac/Home/Downloads/segway_hoverboard/rtl/Project/SegwayMath.sv Line: 130
Warning (10259): Verilog HDL error at PID.sv(92): constant value overflow File: //Mac/Home/Downloads/segway_hoverboard/rtl/Project/PID.sv Line: 92
Warning (10259): Verilog HDL error at PID.sv(168): constant value overflow File: //Mac/Home/Downloads/segway_hoverboard/rtl/Project/PID.sv Line: 168
Info (12021): Found 1 design units, including 1 entities, in source file pid.sv
    Info (12023): Found entity 1: PID File: //Mac/Home/Downloads/segway_hoverboard/rtl/Project/PID.sv Line: 5
Info (12021): Found 1 design units, including 1 entities, in source file segway.sv
    Info (12023): Found entity 1: Segway File: //Mac/Home/Downloads/segway_hoverboard/rtl/Project/Segway.sv Line: 1
Info (12021): Found 2 design units, including 2 entities, in source file auth_blk.sv
    Info (12023): Found entity 1: Auth_blk File: //Mac/Home/Downloads/segway_hoverboard/rtl/Project/Auth_blk.sv Line: 4
    Info (12023): Found entity 2: UART_rx File: //Mac/Home/Downloads/segway_hoverboard/rtl/Project/Auth_blk.sv Line: 118
Warning (10259): Verilog HDL error at steer_en.sv(27): constant value overflow File: //Mac/Home/Downloads/segway_hoverboard/rtl/Project/steer_en.sv Line: 27
Info (12021): Found 1 design units, including 1 entities, in source file steer_en.sv
    Info (12023): Found entity 1: steer_en File: //Mac/Home/Downloads/segway_hoverboard/rtl/Project/steer_en.sv Line: 1
Info (12021): Found 1 design units, including 1 entities, in source file pwm11.sv
    Info (12023): Found entity 1: PWM11 File: //Mac/Home/Downloads/segway_hoverboard/rtl/Project/PWM11.sv Line: 12
Info (12021): Found 1 design units, including 1 entities, in source file mtr_drv.sv
    Info (12023): Found entity 1: mtr_drv File: //Mac/Home/Downloads/segway_hoverboard/rtl/Project/mtr_drv.sv Line: 1
Warning (12019): Can't analyze file -- file UART_rcv.sv is missing
Warning (12019): Can't analyze file -- file SPI_mstr16.sv is missing
Warning (12019): Can't analyze file -- file PB_release.sv is missing
Info (12021): Found 1 design units, including 1 entities, in source file inertial_integrator.sv
    Info (12023): Found entity 1: inertial_integrator File: //Mac/Home/Downloads/segway_hoverboard/rtl/Project/inertial_integrator.sv Line: 8
Info (12021): Found 1 design units, including 1 entities, in source file inert_intf.sv
    Info (12023): Found entity 1: inert_intf File: //Mac/Home/Downloads/segway_hoverboard/rtl/Project/inert_intf.sv Line: 1
Info (12021): Found 1 design units, including 1 entities, in source file a2d_intf.sv
    Info (12023): Found entity 1: A2D_intf File: //Mac/Home/Downloads/segway_hoverboard/rtl/Project/A2D_intf.sv Line: 34
Info (12021): Found 1 design units, including 1 entities, in source file balance_cntrl.sv
    Info (12023): Found entity 1: balance_cntrl File: //Mac/Home/Downloads/segway_hoverboard/rtl/Project/balance_cntrl.sv Line: 22
Warning (10236): Verilog HDL Implicit Net warning at mtr_drv.sv(33): created implicit net for "LED" File: //Mac/Home/Downloads/segway_hoverboard/rtl/Project/mtr_drv.sv Line: 33
Warning (10222): Verilog HDL Parameter Declaration warning at PID.sv(42): Parameter Declaration in module "PID" behaves as a Local Parameter Declaration because the module has a Module Parameter Port List File: //Mac/Home/Downloads/segway_hoverboard/rtl/Project/PID.sv Line: 42
Info (12127): Elaborating entity "Segway" for the top level hierarchy
Info (12128): Elaborating entity "Auth_blk" for hierarchy "Auth_blk:iAuth" File: //Mac/Home/Downloads/segway_hoverboard/rtl/Project/Segway.sv Line: 44
Info (12128): Elaborating entity "UART_rx" for hierarchy "Auth_blk:iAuth|UART_rx:u_rx" File: //Mac/Home/Downloads/segway_hoverboard/rtl/Project/Auth_blk.sv Line: 26
Warning (10230): Verilog HDL assignment warning at Auth_blk.sv(217): truncated value with size 32 to match size of target (13) File: //Mac/Home/Downloads/segway_hoverboard/rtl/Project/Auth_blk.sv Line: 217
Warning (10230): Verilog HDL assignment warning at Auth_blk.sv(219): truncated value with size 32 to match size of target (13) File: //Mac/Home/Downloads/segway_hoverboard/rtl/Project/Auth_blk.sv Line: 219
Info (12128): Elaborating entity "inert_intf" for hierarchy "inert_intf:iNEMO" File: //Mac/Home/Downloads/segway_hoverboard/rtl/Project/Segway.sv Line: 53
Warning (10230): Verilog HDL assignment warning at inert_intf.sv(91): truncated value with size 32 to match size of target (16) File: //Mac/Home/Downloads/segway_hoverboard/rtl/Project/inert_intf.sv Line: 91
Warning (12125): Using design file spi_mnrch.sv, which is not specified as a design file for the current project, but contains definitions for 1 design units and 1 entities in project
    Info (12023): Found entity 1: SPI_mnrch File: //Mac/Home/Downloads/segway_hoverboard/rtl/Project/spi_mnrch.sv Line: 1
Info (12128): Elaborating entity "SPI_mnrch" for hierarchy "inert_intf:iNEMO|SPI_mnrch:iSPI" File: //Mac/Home/Downloads/segway_hoverboard/rtl/Project/inert_intf.sv Line: 52
Warning (10230): Verilog HDL assignment warning at spi_mnrch.sv(29): truncated value with size 32 to match size of target (4) File: //Mac/Home/Downloads/segway_hoverboard/rtl/Project/spi_mnrch.sv Line: 29
Warning (10230): Verilog HDL assignment warning at spi_mnrch.sv(60): truncated value with size 32 to match size of target (4) File: //Mac/Home/Downloads/segway_hoverboard/rtl/Project/spi_mnrch.sv Line: 60
Info (12128): Elaborating entity "inertial_integrator" for hierarchy "inert_intf:iNEMO|inertial_integrator:iINT" File: //Mac/Home/Downloads/segway_hoverboard/rtl/Project/inert_intf.sv Line: 59
Info (12128): Elaborating entity "balance_cntrl" for hierarchy "balance_cntrl:iBAL" File: //Mac/Home/Downloads/segway_hoverboard/rtl/Project/Segway.sv Line: 61
Info (12128): Elaborating entity "Segway_Math" for hierarchy "balance_cntrl:iBAL|Segway_Math:segway_math_inst" File: //Mac/Home/Downloads/segway_hoverboard/rtl/Project/balance_cntrl.sv Line: 51
Warning (10230): Verilog HDL assignment warning at SegwayMath.sv(56): truncated value with size 13 to match size of target (12) File: //Mac/Home/Downloads/segway_hoverboard/rtl/Project/SegwayMath.sv Line: 56
Info (10264): Verilog HDL Case Statement information at SegwayMath.sv(101): all case item expressions in this case statement are onehot File: //Mac/Home/Downloads/segway_hoverboard/rtl/Project/SegwayMath.sv Line: 101
Info (12128): Elaborating entity "deadzn_shaping" for hierarchy "balance_cntrl:iBAL|Segway_Math:segway_math_inst|deadzn_shaping:deadzone_inst_lft" File: //Mac/Home/Downloads/segway_hoverboard/rtl/Project/SegwayMath.sv Line: 80
Info (12128): Elaborating entity "PID" for hierarchy "balance_cntrl:iBAL|PID:pid_inst" File: //Mac/Home/Downloads/segway_hoverboard/rtl/Project/balance_cntrl.sv Line: 65
Info (12128): Elaborating entity "steer_en" for hierarchy "steer_en:iSTR" File: //Mac/Home/Downloads/segway_hoverboard/rtl/Project/Segway.sv Line: 69
Info (12128): Elaborating entity "steer_en_SM" for hierarchy "steer_en:iSTR|steer_en_SM:SM_inst" File: //Mac/Home/Downloads/segway_hoverboard/rtl/Project/steer_en.sv Line: 108
Info (12128): Elaborating entity "mtr_drv" for hierarchy "mtr_drv:iDRV" File: //Mac/Home/Downloads/segway_hoverboard/rtl/Project/Segway.sv Line: 78
Warning (10036): Verilog HDL or VHDL warning at mtr_drv.sv(33): object "LED" assigned a value but never read File: //Mac/Home/Downloads/segway_hoverboard/rtl/Project/mtr_drv.sv Line: 33
Warning (10230): Verilog HDL assignment warning at mtr_drv.sv(33): truncated value with size 8 to match size of target (1) File: //Mac/Home/Downloads/segway_hoverboard/rtl/Project/mtr_drv.sv Line: 33
Warning (10230): Verilog HDL assignment warning at mtr_drv.sv(91): truncated value with size 32 to match size of target (5) File: //Mac/Home/Downloads/segway_hoverboard/rtl/Project/mtr_drv.sv Line: 91
Warning (10230): Verilog HDL assignment warning at mtr_drv.sv(96): truncated value with size 32 to match size of target (5) File: //Mac/Home/Downloads/segway_hoverboard/rtl/Project/mtr_drv.sv Line: 96
Warning (10230): Verilog HDL assignment warning at mtr_drv.sv(118): truncated value with size 32 to match size of target (4) File: //Mac/Home/Downloads/segway_hoverboard/rtl/Project/mtr_drv.sv Line: 118
Info (12128): Elaborating entity "PWM11" for hierarchy "mtr_drv:iDRV|PWM11:iPWM_lft" File: //Mac/Home/Downloads/segway_hoverboard/rtl/Project/mtr_drv.sv Line: 58
Info (12128): Elaborating entity "A2D_intf" for hierarchy "A2D_intf:iA2D" File: //Mac/Home/Downloads/segway_hoverboard/rtl/Project/Segway.sv Line: 86
Info (12128): Elaborating entity "piezo_drv" for hierarchy "piezo_drv:iBUZZ" File: //Mac/Home/Downloads/segway_hoverboard/rtl/Project/Segway.sv Line: 94
Warning (10230): Verilog HDL assignment warning at piezo_drv.sv(329): truncated value with size 32 to match size of target (4) File: //Mac/Home/Downloads/segway_hoverboard/rtl/Project/piezo_drv.sv Line: 329
Warning (10230): Verilog HDL assignment warning at piezo_drv.sv(391): truncated value with size 32 to match size of target (14) File: //Mac/Home/Downloads/segway_hoverboard/rtl/Project/piezo_drv.sv Line: 391
Warning (10230): Verilog HDL assignment warning at piezo_drv.sv(403): truncated value with size 32 to match size of target (14) File: //Mac/Home/Downloads/segway_hoverboard/rtl/Project/piezo_drv.sv Line: 403
Warning (10230): Verilog HDL assignment warning at piezo_drv.sv(414): truncated value with size 32 to match size of target (14) File: //Mac/Home/Downloads/segway_hoverboard/rtl/Project/piezo_drv.sv Line: 414
Warning (10230): Verilog HDL assignment warning at piezo_drv.sv(429): truncated value with size 32 to match size of target (14) File: //Mac/Home/Downloads/segway_hoverboard/rtl/Project/piezo_drv.sv Line: 429
Warning (10230): Verilog HDL assignment warning at piezo_drv.sv(441): truncated value with size 32 to match size of target (14) File: //Mac/Home/Downloads/segway_hoverboard/rtl/Project/piezo_drv.sv Line: 441
Warning (10230): Verilog HDL assignment warning at piezo_drv.sv(453): truncated value with size 32 to match size of target (14) File: //Mac/Home/Downloads/segway_hoverboard/rtl/Project/piezo_drv.sv Line: 453
Warning (10230): Verilog HDL assignment warning at piezo_drv.sv(565): truncated value with size 32 to match size of target (27) File: //Mac/Home/Downloads/segway_hoverboard/rtl/Project/piezo_drv.sv Line: 565
Info (12128): Elaborating entity "rst_synch" for hierarchy "rst_synch:iRST" File: //Mac/Home/Downloads/segway_hoverboard/rtl/Project/Segway.sv Line: 100
Info (278001): Inferred 2 megafunctions from design logic
    Info (278003): Inferred multiplier megafunction ("lpm_mult") from the following logic: "balance_cntrl:iBAL|Segway_Math:segway_math_inst|Mult0" File: //Mac/Home/Downloads/segway_hoverboard/rtl/Project/SegwayMath.sv Line: 24
    Info (278003): Inferred multiplier megafunction ("lpm_mult") from the following logic: "inert_intf:iNEMO|inertial_integrator:iINT|Mult0" File: //Mac/Home/Downloads/segway_hoverboard/rtl/Project/inertial_integrator.sv Line: 47
Info (12130): Elaborated megafunction instantiation "balance_cntrl:iBAL|Segway_Math:segway_math_inst|lpm_mult:Mult0" File: //Mac/Home/Downloads/segway_hoverboard/rtl/Project/SegwayMath.sv Line: 24
Info (12133): Instantiated megafunction "balance_cntrl:iBAL|Segway_Math:segway_math_inst|lpm_mult:Mult0" with the following parameter: File: //Mac/Home/Downloads/segway_hoverboard/rtl/Project/SegwayMath.sv Line: 24
    Info (12134): Parameter "LPM_WIDTHA" = "12"
    Info (12134): Parameter "LPM_WIDTHB" = "9"
    Info (12134): Parameter "LPM_WIDTHP" = "21"
    Info (12134): Parameter "LPM_WIDTHR" = "21"
    Info (12134): Parameter "LPM_WIDTHS" = "1"
    Info (12134): Parameter "LPM_REPRESENTATION" = "SIGNED"
    Info (12134): Parameter "INPUT_A_IS_CONSTANT" = "NO"
    Info (12134): Parameter "INPUT_B_IS_CONSTANT" = "NO"
    Info (12134): Parameter "MAXIMIZE_SPEED" = "6"
Info (12021): Found 1 design units, including 1 entities, in source file db/mult_g4t.tdf
    Info (12023): Found entity 1: mult_g4t File: //Mac/Home/Downloads/segway_hoverboard/rtl/Project/db/mult_g4t.tdf Line: 29
Info (12130): Elaborated megafunction instantiation "inert_intf:iNEMO|inertial_integrator:iINT|lpm_mult:Mult0" File: //Mac/Home/Downloads/segway_hoverboard/rtl/Project/inertial_integrator.sv Line: 47
Info (12133): Instantiated megafunction "inert_intf:iNEMO|inertial_integrator:iINT|lpm_mult:Mult0" with the following parameter: File: //Mac/Home/Downloads/segway_hoverboard/rtl/Project/inertial_integrator.sv Line: 47
    Info (12134): Parameter "LPM_WIDTHA" = "16"
    Info (12134): Parameter "LPM_WIDTHB" = "10"
    Info (12134): Parameter "LPM_WIDTHP" = "26"
    Info (12134): Parameter "LPM_WIDTHR" = "26"
    Info (12134): Parameter "LPM_WIDTHS" = "1"
    Info (12134): Parameter "LPM_REPRESENTATION" = "SIGNED"
    Info (12134): Parameter "INPUT_A_IS_CONSTANT" = "NO"
    Info (12134): Parameter "INPUT_B_IS_CONSTANT" = "YES"
    Info (12134): Parameter "MAXIMIZE_SPEED" = "5"
Info (12131): Elaborated megafunction instantiation "inert_intf:iNEMO|inertial_integrator:iINT|lpm_mult:Mult0|multcore:mult_core", which is child of megafunction instantiation "inert_intf:iNEMO|inertial_integrator:iINT|lpm_mult:Mult0" File: c:/altera_lite/25.1std/quartus/libraries/megafunctions/lpm_mult.tdf Line: 309
Info (12131): Elaborated megafunction instantiation "inert_intf:iNEMO|inertial_integrator:iINT|lpm_mult:Mult0|multcore:mult_core|mpar_add:padder", which is child of megafunction instantiation "inert_intf:iNEMO|inertial_integrator:iINT|lpm_mult:Mult0" File: c:/altera_lite/25.1std/quartus/libraries/megafunctions/multcore.tdf Line: 229
Info (12131): Elaborated megafunction instantiation "inert_intf:iNEMO|inertial_integrator:iINT|lpm_mult:Mult0|multcore:mult_core|mpar_add:padder|lpm_add_sub:adder[1]", which is child of megafunction instantiation "inert_intf:iNEMO|inertial_integrator:iINT|lpm_mult:Mult0" File: c:/altera_lite/25.1std/quartus/libraries/megafunctions/mpar_add.tdf Line: 115
Info (12021): Found 1 design units, including 1 entities, in source file db/add_sub_ekh.tdf
    Info (12023): Found entity 1: add_sub_ekh File: //Mac/Home/Downloads/segway_hoverboard/rtl/Project/db/add_sub_ekh.tdf Line: 23
Info (12131): Elaborated megafunction instantiation "inert_intf:iNEMO|inertial_integrator:iINT|lpm_mult:Mult0|multcore:mult_core|mpar_add:padder|lpm_add_sub:adder[0]", which is child of megafunction instantiation "inert_intf:iNEMO|inertial_integrator:iINT|lpm_mult:Mult0" File: c:/altera_lite/25.1std/quartus/libraries/megafunctions/mpar_add.tdf Line: 115
Info (12021): Found 1 design units, including 1 entities, in source file db/add_sub_k9h.tdf
    Info (12023): Found entity 1: add_sub_k9h File: //Mac/Home/Downloads/segway_hoverboard/rtl/Project/db/add_sub_k9h.tdf Line: 23
Info (12131): Elaborated megafunction instantiation "inert_intf:iNEMO|inertial_integrator:iINT|lpm_mult:Mult0|multcore:mult_core|mpar_add:padder|mpar_add:sub_par_add", which is child of megafunction instantiation "inert_intf:iNEMO|inertial_integrator:iINT|lpm_mult:Mult0" File: c:/altera_lite/25.1std/quartus/libraries/megafunctions/mpar_add.tdf Line: 138
Info (12131): Elaborated megafunction instantiation "inert_intf:iNEMO|inertial_integrator:iINT|lpm_mult:Mult0|multcore:mult_core|mpar_add:padder|mpar_add:sub_par_add|lpm_add_sub:adder[0]", which is child of megafunction instantiation "inert_intf:iNEMO|inertial_integrator:iINT|lpm_mult:Mult0" File: c:/altera_lite/25.1std/quartus/libraries/megafunctions/mpar_add.tdf Line: 115
Info (12021): Found 1 design units, including 1 entities, in source file db/add_sub_ikh.tdf
    Info (12023): Found entity 1: add_sub_ikh File: //Mac/Home/Downloads/segway_hoverboard/rtl/Project/db/add_sub_ikh.tdf Line: 23
Info (12131): Elaborated megafunction instantiation "inert_intf:iNEMO|inertial_integrator:iINT|lpm_mult:Mult0|altshift:external_latency_ffs", which is child of megafunction instantiation "inert_intf:iNEMO|inertial_integrator:iINT|lpm_mult:Mult0" File: c:/altera_lite/25.1std/quartus/libraries/megafunctions/lpm_mult.tdf Line: 352
Warning (12241): 1 hierarchies have connectivity warnings - see the Connectivity Checks report folder
Info (13000): Registers with preset signals will power-up high File: //Mac/Home/Downloads/segway_hoverboard/rtl/Project/spi_mnrch.sv Line: 7
Info (13003): DEV_CLRn pin will set, and not reset, register with preset signal due to NOT Gate Push-Back
Info (286030): Timing-Driven Synthesis is running
Info (17049): 24 registers lost all their fanouts during netlist optimizations.
Info (144001): Generated suppressed messages file //Mac/Home/Downloads/segway_hoverboard/rtl/Project/Segway.map.smsg
Info (16010): Generating hard_block partition "hard_block:auto_generated_inst"
    Info (16011): Adding 0 node(s), including 0 DDIO, 0 PLL, 0 transceiver and 0 LCELL
Info (21057): Implemented 1245 device resources after synthesis - the final resource count might be different
    Info (21058): Implemented 8 input pins
    Info (21059): Implemented 12 output pins
    Info (21061): Implemented 1223 logic cells
    Info (21062): Implemented 2 DSP elements
Info: Quartus Prime Analysis & Synthesis was successful. 0 errors, 31 warnings
    Info: Peak virtual memory: 13280 megabytes
    Info: Processing ended: Fri Dec  5 22:36:30 2025
    Info: Elapsed time: 00:00:16
    Info: Total CPU time (on all processors): 00:00:28


+------------------------------------------+
; Analysis & Synthesis Suppressed Messages ;
+------------------------------------------+
The suppressed messages can be found in //Mac/Home/Downloads/segway_hoverboard/rtl/Project/Segway.map.smsg.


