 
****************************************
Report : area
Design : Segway
Version: X-2025.06
Date   : Tue Dec  2 03:09:00 2025
****************************************

Library(s) Used:

    saed32rvt_tt0p85v25c (File: /cae/apps/data/saed32_edk-2022/lib/stdcell_rvt/db_nldm/saed32rvt_tt0p85v25c.db)

Number of ports:                           20
Number of nets:                          3298
Number of cells:                         2728
Number of combinational cells:           2271
Number of sequential cells:               456
Number of macros/black boxes:               0
Number of buf/inv:                        291
Number of references:                      51

Combinational area:               6014.317755
Buf/Inv area:                      394.177346
Noncombinational area:            3142.744779
Macro/Black Box area:                0.000000
Net Interconnect area:            1930.126703

Total cell area:                  9157.062534
Total area:                      11087.189237
1
